The system is: Linux - 4.18.16-300.fc29.armv7hl - armv7l
Compiling the C compiler identification source file "CMakeCCompilerId.c" succeeded.
Compiler: /usr/bin/gcc 
Build flags: 
Id flags:  

The output was:
0


Compilation of the C compiler identification source "CMakeCCompilerId.c" produced "a.out"

The C compiler identification is GNU, found in "/tmp/tmp.Ftjp5poh6g/DCT/cmake-build-debug-seng-vm/CMakeFiles/3.12.1/CompilerIdC/a.out"

Determining if the C compiler works passed with the following output:
Change Dir: /tmp/tmp.Ftjp5poh6g/DCT/cmake-build-debug-seng-vm/CMakeFiles/CMakeTmp

Run Build Command:"/usr/bin/make" "cmTC_d9f6c/fast"
/usr/bin/make -f CMakeFiles/cmTC_d9f6c.dir/build.make CMakeFiles/cmTC_d9f6c.dir/build
make[1]: Entering directory '/tmp/tmp.Ftjp5poh6g/DCT/cmake-build-debug-seng-vm/CMakeFiles/CMakeTmp'
Building C object CMakeFiles/cmTC_d9f6c.dir/testCCompiler.c.o
/usr/bin/gcc    -o CMakeFiles/cmTC_d9f6c.dir/testCCompiler.c.o   -c /tmp/tmp.Ftjp5poh6g/DCT/cmake-build-debug-seng-vm/CMakeFiles/CMakeTmp/testCCompiler.c
Linking C executable cmTC_d9f6c
/usr/bin/cmake -E cmake_link_script CMakeFiles/cmTC_d9f6c.dir/link.txt --verbose=1
/usr/bin/gcc      CMakeFiles/cmTC_d9f6c.dir/testCCompiler.c.o  -o cmTC_d9f6c 
make[1]: Leaving directory '/tmp/tmp.Ftjp5poh6g/DCT/cmake-build-debug-seng-vm/CMakeFiles/CMakeTmp'


Detecting C compiler ABI info compiled with the following output:
Change Dir: /tmp/tmp.Ftjp5poh6g/DCT/cmake-build-debug-seng-vm/CMakeFiles/CMakeTmp

Run Build Command:"/usr/bin/make" "cmTC_8f067/fast"
/usr/bin/make -f CMakeFiles/cmTC_8f067.dir/build.make CMakeFiles/cmTC_8f067.dir/build
make[1]: Entering directory '/tmp/tmp.Ftjp5poh6g/DCT/cmake-build-debug-seng-vm/CMakeFiles/CMakeTmp'
Building C object CMakeFiles/cmTC_8f067.dir/CMakeCCompilerABI.c.o
/usr/bin/gcc    -o CMakeFiles/cmTC_8f067.dir/CMakeCCompilerABI.c.o   -c /usr/share/cmake/Modules/CMakeCCompilerABI.c
Linking C executable cmTC_8f067
/usr/bin/cmake -E cmake_link_script CMakeFiles/cmTC_8f067.dir/link.txt --verbose=1
/usr/bin/gcc     -v CMakeFiles/cmTC_8f067.dir/CMakeCCompilerABI.c.o  -o cmTC_8f067 
Using built-in specs.
COLLECT_GCC=/usr/bin/gcc
COLLECT_LTO_WRAPPER=/usr/libexec/gcc/armv7hl-redhat-linux-gnueabi/8/lto-wrapper
Target: armv7hl-redhat-linux-gnueabi
Configured with: ../configure --enable-bootstrap --enable-languages=c,c++,fortran,objc,obj-c++,ada,go,lto --prefix=/usr --mandir=/usr/share/man --infodir=/usr/share/info --with-bugurl=http://bugzilla.redhat.com/bugzilla --enable-shared --enable-threads=posix --enable-checking=release --enable-multilib --with-system-zlib --enable-__cxa_atexit --disable-libunwind-exceptions --enable-gnu-unique-object --enable-linker-build-id --with-gcc-major-version-only --with-linker-hash-style=gnu --enable-plugin --enable-initfini-array --with-isl --disable-libmpx --enable-gnu-indirect-function --disable-sjlj-exceptions --with-tune=generic-armv7-a --with-arch=armv7-a --with-float=hard --with-fpu=vfpv3-d16 --with-abi=aapcs-linux --build=armv7hl-redhat-linux-gnueabi
Thread model: posix
gcc version 8.2.1 20180801 (Red Hat 8.2.1-2) (GCC) 
COMPILER_PATH=/usr/libexec/gcc/armv7hl-redhat-linux-gnueabi/8/:/usr/libexec/gcc/armv7hl-redhat-linux-gnueabi/8/:/usr/libexec/gcc/armv7hl-redhat-linux-gnueabi/:/usr/lib/gcc/armv7hl-redhat-linux-gnueabi/8/:/usr/lib/gcc/armv7hl-redhat-linux-gnueabi/
LIBRARY_PATH=/usr/lib/gcc/armv7hl-redhat-linux-gnueabi/8/:/usr/lib/gcc/armv7hl-redhat-linux-gnueabi/8/../../../:/lib/:/usr/lib/
COLLECT_GCC_OPTIONS='-v' '-o' 'cmTC_8f067'  '-mtune=generic-armv7-a' '-mfloat-abi=hard' '-mfpu=vfpv3-d16' '-mabi=aapcs-linux' '-mtls-dialect=gnu' '-marm' '-march=armv7-a+fp'
 /usr/libexec/gcc/armv7hl-redhat-linux-gnueabi/8/collect2 -plugin /usr/libexec/gcc/armv7hl-redhat-linux-gnueabi/8/liblto_plugin.so -plugin-opt=/usr/libexec/gcc/armv7hl-redhat-linux-gnueabi/8/lto-wrapper -plugin-opt=-fresolution=/tmp/ccK8Oz5Q.res -plugin-opt=-pass-through=-lgcc -plugin-opt=-pass-through=-lgcc_s -plugin-opt=-pass-through=-lc -plugin-opt=-pass-through=-lgcc -plugin-opt=-pass-through=-lgcc_s --build-id --no-add-needed --eh-frame-hdr --hash-style=gnu -dynamic-linker /lib/ld-linux-armhf.so.3 -X -m armelf_linux_eabi -o cmTC_8f067 /usr/lib/gcc/armv7hl-redhat-linux-gnueabi/8/../../../crt1.o /usr/lib/gcc/armv7hl-redhat-linux-gnueabi/8/../../../crti.o /usr/lib/gcc/armv7hl-redhat-linux-gnueabi/8/crtbegin.o -L/usr/lib/gcc/armv7hl-redhat-linux-gnueabi/8 -L/usr/lib/gcc/armv7hl-redhat-linux-gnueabi/8/../../.. CMakeFiles/cmTC_8f067.dir/CMakeCCompilerABI.c.o -lgcc --as-needed -lgcc_s --no-as-needed -lc -lgcc --as-needed -lgcc_s --no-as-needed /usr/lib/gcc/armv7hl-redhat-linux-gnueabi/8/crtend.o /usr/lib/gcc/armv7hl-redhat-linux-gnueabi/8/../../../crtn.o
COLLECT_GCC_OPTIONS='-v' '-o' 'cmTC_8f067'  '-mtune=generic-armv7-a' '-mfloat-abi=hard' '-mfpu=vfpv3-d16' '-mabi=aapcs-linux' '-mtls-dialect=gnu' '-marm' '-march=armv7-a+fp'
make[1]: Leaving directory '/tmp/tmp.Ftjp5poh6g/DCT/cmake-build-debug-seng-vm/CMakeFiles/CMakeTmp'


Parsed C implicit link information from above output:
  link line regex: [^( *|.*[/\])(ld|CMAKE_LINK_STARTFILE-NOTFOUND|([^/\]+-)?ld|collect2)[^/\]*( |$)]
  ignore line: [Change Dir: /tmp/tmp.Ftjp5poh6g/DCT/cmake-build-debug-seng-vm/CMakeFiles/CMakeTmp]
  ignore line: []
  ignore line: [Run Build Command:"/usr/bin/make" "cmTC_8f067/fast"]
  ignore line: [/usr/bin/make -f CMakeFiles/cmTC_8f067.dir/build.make CMakeFiles/cmTC_8f067.dir/build]
  ignore line: [make[1]: Entering directory '/tmp/tmp.Ftjp5poh6g/DCT/cmake-build-debug-seng-vm/CMakeFiles/CMakeTmp']
  ignore line: [Building C object CMakeFiles/cmTC_8f067.dir/CMakeCCompilerABI.c.o]
  ignore line: [/usr/bin/gcc    -o CMakeFiles/cmTC_8f067.dir/CMakeCCompilerABI.c.o   -c /usr/share/cmake/Modules/CMakeCCompilerABI.c]
  ignore line: [Linking C executable cmTC_8f067]
  ignore line: [/usr/bin/cmake -E cmake_link_script CMakeFiles/cmTC_8f067.dir/link.txt --verbose=1]
  ignore line: [/usr/bin/gcc     -v CMakeFiles/cmTC_8f067.dir/CMakeCCompilerABI.c.o  -o cmTC_8f067 ]
  ignore line: [Using built-in specs.]
  ignore line: [COLLECT_GCC=/usr/bin/gcc]
  ignore line: [COLLECT_LTO_WRAPPER=/usr/libexec/gcc/armv7hl-redhat-linux-gnueabi/8/lto-wrapper]
  ignore line: [Target: armv7hl-redhat-linux-gnueabi]
  ignore line: [Configured with: ../configure --enable-bootstrap --enable-languages=c,c++,fortran,objc,obj-c++,ada,go,lto --prefix=/usr --mandir=/usr/share/man --infodir=/usr/share/info --with-bugurl=http://bugzilla.redhat.com/bugzilla --enable-shared --enable-threads=posix --enable-checking=release --enable-multilib --with-system-zlib --enable-__cxa_atexit --disable-libunwind-exceptions --enable-gnu-unique-object --enable-linker-build-id --with-gcc-major-version-only --with-linker-hash-style=gnu --enable-plugin --enable-initfini-array --with-isl --disable-libmpx --enable-gnu-indirect-function --disable-sjlj-exceptions --with-tune=generic-armv7-a --with-arch=armv7-a --with-float=hard --with-fpu=vfpv3-d16 --with-abi=aapcs-linux --build=armv7hl-redhat-linux-gnueabi]
  ignore line: [Thread model: posix]
  ignore line: [gcc version 8.2.1 20180801 (Red Hat 8.2.1-2) (GCC) ]
  ignore line: [COMPILER_PATH=/usr/libexec/gcc/armv7hl-redhat-linux-gnueabi/8/:/usr/libexec/gcc/armv7hl-redhat-linux-gnueabi/8/:/usr/libexec/gcc/armv7hl-redhat-linux-gnueabi/:/usr/lib/gcc/armv7hl-redhat-linux-gnueabi/8/:/usr/lib/gcc/armv7hl-redhat-linux-gnueabi/]
  ignore line: [LIBRARY_PATH=/usr/lib/gcc/armv7hl-redhat-linux-gnueabi/8/:/usr/lib/gcc/armv7hl-redhat-linux-gnueabi/8/../../../:/lib/:/usr/lib/]
  ignore line: [COLLECT_GCC_OPTIONS='-v' '-o' 'cmTC_8f067'  '-mtune=generic-armv7-a' '-mfloat-abi=hard' '-mfpu=vfpv3-d16' '-mabi=aapcs-linux' '-mtls-dialect=gnu' '-marm' '-march=armv7-a+fp']
  link line: [ /usr/libexec/gcc/armv7hl-redhat-linux-gnueabi/8/collect2 -plugin /usr/libexec/gcc/armv7hl-redhat-linux-gnueabi/8/liblto_plugin.so -plugin-opt=/usr/libexec/gcc/armv7hl-redhat-linux-gnueabi/8/lto-wrapper -plugin-opt=-fresolution=/tmp/ccK8Oz5Q.res -plugin-opt=-pass-through=-lgcc -plugin-opt=-pass-through=-lgcc_s -plugin-opt=-pass-through=-lc -plugin-opt=-pass-through=-lgcc -plugin-opt=-pass-through=-lgcc_s --build-id --no-add-needed --eh-frame-hdr --hash-style=gnu -dynamic-linker /lib/ld-linux-armhf.so.3 -X -m armelf_linux_eabi -o cmTC_8f067 /usr/lib/gcc/armv7hl-redhat-linux-gnueabi/8/../../../crt1.o /usr/lib/gcc/armv7hl-redhat-linux-gnueabi/8/../../../crti.o /usr/lib/gcc/armv7hl-redhat-linux-gnueabi/8/crtbegin.o -L/usr/lib/gcc/armv7hl-redhat-linux-gnueabi/8 -L/usr/lib/gcc/armv7hl-redhat-linux-gnueabi/8/../../.. CMakeFiles/cmTC_8f067.dir/CMakeCCompilerABI.c.o -lgcc --as-needed -lgcc_s --no-as-needed -lc -lgcc --as-needed -lgcc_s --no-as-needed /usr/lib/gcc/armv7hl-redhat-linux-gnueabi/8/crtend.o /usr/lib/gcc/armv7hl-redhat-linux-gnueabi/8/../../../crtn.o]
    arg [/usr/libexec/gcc/armv7hl-redhat-linux-gnueabi/8/collect2] ==> ignore
    arg [-plugin] ==> ignore
    arg [/usr/libexec/gcc/armv7hl-redhat-linux-gnueabi/8/liblto_plugin.so] ==> ignore
    arg [-plugin-opt=/usr/libexec/gcc/armv7hl-redhat-linux-gnueabi/8/lto-wrapper] ==> ignore
    arg [-plugin-opt=-fresolution=/tmp/ccK8Oz5Q.res] ==> ignore
    arg [-plugin-opt=-pass-through=-lgcc] ==> ignore
    arg [-plugin-opt=-pass-through=-lgcc_s] ==> ignore
    arg [-plugin-opt=-pass-through=-lc] ==> ignore
    arg [-plugin-opt=-pass-through=-lgcc] ==> ignore
    arg [-plugin-opt=-pass-through=-lgcc_s] ==> ignore
    arg [--build-id] ==> ignore
    arg [--no-add-needed] ==> ignore
    arg [--eh-frame-hdr] ==> ignore
    arg [--hash-style=gnu] ==> ignore
    arg [-dynamic-linker] ==> ignore
    arg [/lib/ld-linux-armhf.so.3] ==> ignore
    arg [-X] ==> ignore
    arg [-m] ==> ignore
    arg [armelf_linux_eabi] ==> ignore
    arg [-o] ==> ignore
    arg [cmTC_8f067] ==> ignore
    arg [/usr/lib/gcc/armv7hl-redhat-linux-gnueabi/8/../../../crt1.o] ==> ignore
    arg [/usr/lib/gcc/armv7hl-redhat-linux-gnueabi/8/../../../crti.o] ==> ignore
    arg [/usr/lib/gcc/armv7hl-redhat-linux-gnueabi/8/crtbegin.o] ==> ignore
    arg [-L/usr/lib/gcc/armv7hl-redhat-linux-gnueabi/8] ==> dir [/usr/lib/gcc/armv7hl-redhat-linux-gnueabi/8]
    arg [-L/usr/lib/gcc/armv7hl-redhat-linux-gnueabi/8/../../..] ==> dir [/usr/lib/gcc/armv7hl-redhat-linux-gnueabi/8/../../..]
    arg [CMakeFiles/cmTC_8f067.dir/CMakeCCompilerABI.c.o] ==> ignore
    arg [-lgcc] ==> lib [gcc]
    arg [--as-needed] ==> ignore
    arg [-lgcc_s] ==> lib [gcc_s]
    arg [--no-as-needed] ==> ignore
    arg [-lc] ==> lib [c]
    arg [-lgcc] ==> lib [gcc]
    arg [--as-needed] ==> ignore
    arg [-lgcc_s] ==> lib [gcc_s]
    arg [--no-as-needed] ==> ignore
    arg [/usr/lib/gcc/armv7hl-redhat-linux-gnueabi/8/crtend.o] ==> ignore
    arg [/usr/lib/gcc/armv7hl-redhat-linux-gnueabi/8/../../../crtn.o] ==> ignore
  collapse library dir [/usr/lib/gcc/armv7hl-redhat-linux-gnueabi/8] ==> [/usr/lib/gcc/armv7hl-redhat-linux-gnueabi/8]
  collapse library dir [/usr/lib/gcc/armv7hl-redhat-linux-gnueabi/8/../../..] ==> [/usr/lib]
  implicit libs: [gcc;gcc_s;c;gcc;gcc_s]
  implicit dirs: [/usr/lib/gcc/armv7hl-redhat-linux-gnueabi/8;/usr/lib]
  implicit fwks: []




Detecting C [-std=c11] compiler features compiled with the following output:
Change Dir: /tmp/tmp.Ftjp5poh6g/DCT/cmake-build-debug-seng-vm/CMakeFiles/CMakeTmp

Run Build Command:"/usr/bin/make" "cmTC_4b26a/fast"
/usr/bin/make -f CMakeFiles/cmTC_4b26a.dir/build.make CMakeFiles/cmTC_4b26a.dir/build
make[1]: Entering directory '/tmp/tmp.Ftjp5poh6g/DCT/cmake-build-debug-seng-vm/CMakeFiles/CMakeTmp'
Building C object CMakeFiles/cmTC_4b26a.dir/feature_tests.c.o
/usr/bin/gcc   -std=c11 -o CMakeFiles/cmTC_4b26a.dir/feature_tests.c.o   -c /tmp/tmp.Ftjp5poh6g/DCT/cmake-build-debug-seng-vm/CMakeFiles/feature_tests.c
Linking C executable cmTC_4b26a
/usr/bin/cmake -E cmake_link_script CMakeFiles/cmTC_4b26a.dir/link.txt --verbose=1
/usr/bin/gcc      CMakeFiles/cmTC_4b26a.dir/feature_tests.c.o  -o cmTC_4b26a 
make[1]: Leaving directory '/tmp/tmp.Ftjp5poh6g/DCT/cmake-build-debug-seng-vm/CMakeFiles/CMakeTmp'


    Feature record: C_FEATURE:1c_function_prototypes
    Feature record: C_FEATURE:1c_restrict
    Feature record: C_FEATURE:1c_static_assert
    Feature record: C_FEATURE:1c_variadic_macros


Detecting C [-std=c99] compiler features compiled with the following output:
Change Dir: /tmp/tmp.Ftjp5poh6g/DCT/cmake-build-debug-seng-vm/CMakeFiles/CMakeTmp

Run Build Command:"/usr/bin/make" "cmTC_5e23e/fast"
/usr/bin/make -f CMakeFiles/cmTC_5e23e.dir/build.make CMakeFiles/cmTC_5e23e.dir/build
make[1]: Entering directory '/tmp/tmp.Ftjp5poh6g/DCT/cmake-build-debug-seng-vm/CMakeFiles/CMakeTmp'
Building C object CMakeFiles/cmTC_5e23e.dir/feature_tests.c.o
/usr/bin/gcc   -std=c99 -o CMakeFiles/cmTC_5e23e.dir/feature_tests.c.o   -c /tmp/tmp.Ftjp5poh6g/DCT/cmake-build-debug-seng-vm/CMakeFiles/feature_tests.c
Linking C executable cmTC_5e23e
/usr/bin/cmake -E cmake_link_script CMakeFiles/cmTC_5e23e.dir/link.txt --verbose=1
/usr/bin/gcc      CMakeFiles/cmTC_5e23e.dir/feature_tests.c.o  -o cmTC_5e23e 
make[1]: Leaving directory '/tmp/tmp.Ftjp5poh6g/DCT/cmake-build-debug-seng-vm/CMakeFiles/CMakeTmp'


    Feature record: C_FEATURE:1c_function_prototypes
    Feature record: C_FEATURE:1c_restrict
    Feature record: C_FEATURE:0c_static_assert
    Feature record: C_FEATURE:1c_variadic_macros


Detecting C [-std=c90] compiler features compiled with the following output:
Change Dir: /tmp/tmp.Ftjp5poh6g/DCT/cmake-build-debug-seng-vm/CMakeFiles/CMakeTmp

Run Build Command:"/usr/bin/make" "cmTC_cf161/fast"
/usr/bin/make -f CMakeFiles/cmTC_cf161.dir/build.make CMakeFiles/cmTC_cf161.dir/build
make[1]: Entering directory '/tmp/tmp.Ftjp5poh6g/DCT/cmake-build-debug-seng-vm/CMakeFiles/CMakeTmp'
Building C object CMakeFiles/cmTC_cf161.dir/feature_tests.c.o
/usr/bin/gcc   -std=c90 -o CMakeFiles/cmTC_cf161.dir/feature_tests.c.o   -c /tmp/tmp.Ftjp5poh6g/DCT/cmake-build-debug-seng-vm/CMakeFiles/feature_tests.c
Linking C executable cmTC_cf161
/usr/bin/cmake -E cmake_link_script CMakeFiles/cmTC_cf161.dir/link.txt --verbose=1
/usr/bin/gcc      CMakeFiles/cmTC_cf161.dir/feature_tests.c.o  -o cmTC_cf161 
make[1]: Leaving directory '/tmp/tmp.Ftjp5poh6g/DCT/cmake-build-debug-seng-vm/CMakeFiles/CMakeTmp'


    Feature record: C_FEATURE:1c_function_prototypes
    Feature record: C_FEATURE:0c_restrict
    Feature record: C_FEATURE:0c_static_assert
    Feature record: C_FEATURE:0c_variadic_macros
